{"/Users/gbrown/git-repos/doorway-testing/lib/doorway-interface.ts": {"path":"/Users/gbrown/git-repos/doorway-testing/lib/doorway-interface.ts","statementMap":{"0":{"start":{"line":1,"column":0},"end":{"line":1,"column":26}},"1":{"start":{"line":2,"column":0},"end":{"line":2,"column":25}},"2":{"start":{"line":3,"column":0},"end":{"line":3,"column":47}},"3":{"start":{"line":4,"column":0},"end":{"line":4,"column":44}},"4":{"start":{"line":12,"column":4},"end":{"line":12,"column":19}},"5":{"start":{"line":13,"column":4},"end":{"line":13,"column":21}},"6":{"start":{"line":14,"column":4},"end":{"line":14,"column":29}},"7":{"start":{"line":15,"column":4},"end":{"line":15,"column":27}},"8":{"start":{"line":16,"column":4},"end":{"line":16,"column":62}},"9":{"start":{"line":19,"column":4},"end":{"line":19,"column":45}},"10":{"start":{"line":21,"column":4},"end":{"line":50,"column":5}},"11":{"start":{"line":22,"column":21},"end":{"line":22,"column":52}},"12":{"start":{"line":23,"column":21},"end":{"line":23,"column":45}},"13":{"start":{"line":24,"column":6},"end":{"line":24,"column":44}},"14":{"start":{"line":25,"column":6},"end":{"line":45,"column":7}},"15":{"start":{"line":26,"column":25},"end":{"line":31,"column":10}},"16":{"start":{"line":32,"column":8},"end":{"line":36,"column":9}},"17":{"start":{"line":33,"column":10},"end":{"line":33,"column":37}},"18":{"start":{"line":35,"column":10},"end":{"line":35,"column":31}},"19":{"start":{"line":38,"column":8},"end":{"line":44,"column":9}},"20":{"start":{"line":39,"column":10},"end":{"line":41,"column":12}},"21":{"start":{"line":42,"column":10},"end":{"line":42,"column":46}},"22":{"start":{"line":43,"column":10},"end":{"line":43,"column":25}},"23":{"start":{"line":47,"column":6},"end":{"line":47,"column":58}},"24":{"start":{"line":48,"column":6},"end":{"line":48,"column":31}},"25":{"start":{"line":49,"column":6},"end":{"line":49,"column":18}},"26":{"start":{"line":51,"column":4},"end":{"line":51,"column":17}},"27":{"start":{"line":54,"column":4},"end":{"line":54,"column":45}},"28":{"start":{"line":55,"column":4},"end":{"line":79,"column":5}},"29":{"start":{"line":56,"column":21},"end":{"line":56,"column":52}},"30":{"start":{"line":57,"column":21},"end":{"line":57,"column":45}},"31":{"start":{"line":58,"column":6},"end":{"line":58,"column":44}},"32":{"start":{"line":59,"column":6},"end":{"line":74,"column":7}},"33":{"start":{"line":60,"column":25},"end":{"line":65,"column":10}},"34":{"start":{"line":67,"column":8},"end":{"line":73,"column":9}},"35":{"start":{"line":68,"column":10},"end":{"line":70,"column":12}},"36":{"start":{"line":71,"column":10},"end":{"line":71,"column":46}},"37":{"start":{"line":72,"column":10},"end":{"line":72,"column":25}},"38":{"start":{"line":76,"column":6},"end":{"line":76,"column":58}},"39":{"start":{"line":77,"column":6},"end":{"line":77,"column":31}},"40":{"start":{"line":78,"column":6},"end":{"line":78,"column":18}},"41":{"start":{"line":86,"column":4},"end":{"line":86,"column":45}},"42":{"start":{"line":87,"column":4},"end":{"line":117,"column":5}},"43":{"start":{"line":88,"column":21},"end":{"line":88,"column":52}},"44":{"start":{"line":89,"column":21},"end":{"line":89,"column":45}},"45":{"start":{"line":90,"column":6},"end":{"line":90,"column":44}},"46":{"start":{"line":91,"column":6},"end":{"line":112,"column":7}},"47":{"start":{"line":92,"column":23},"end":{"line":92,"column":53}},"48":{"start":{"line":93,"column":25},"end":{"line":103,"column":12}},"49":{"start":{"line":102,"column":12},"end":{"line":102,"column":39}},"50":{"start":{"line":105,"column":8},"end":{"line":111,"column":9}},"51":{"start":{"line":106,"column":10},"end":{"line":108,"column":12}},"52":{"start":{"line":109,"column":10},"end":{"line":109,"column":46}},"53":{"start":{"line":110,"column":10},"end":{"line":110,"column":25}},"54":{"start":{"line":114,"column":6},"end":{"line":114,"column":58}},"55":{"start":{"line":115,"column":6},"end":{"line":115,"column":31}},"56":{"start":{"line":116,"column":6},"end":{"line":116,"column":18}},"57":{"start":{"line":120,"column":4},"end":{"line":120,"column":45}},"58":{"start":{"line":122,"column":4},"end":{"line":151,"column":5}},"59":{"start":{"line":123,"column":21},"end":{"line":123,"column":52}},"60":{"start":{"line":124,"column":21},"end":{"line":124,"column":45}},"61":{"start":{"line":125,"column":6},"end":{"line":125,"column":44}},"62":{"start":{"line":126,"column":6},"end":{"line":146,"column":7}},"63":{"start":{"line":127,"column":25},"end":{"line":132,"column":10}},"64":{"start":{"line":133,"column":8},"end":{"line":137,"column":9}},"65":{"start":{"line":134,"column":10},"end":{"line":134,"column":37}},"66":{"start":{"line":136,"column":10},"end":{"line":136,"column":31}},"67":{"start":{"line":139,"column":8},"end":{"line":145,"column":9}},"68":{"start":{"line":140,"column":10},"end":{"line":142,"column":12}},"69":{"start":{"line":143,"column":10},"end":{"line":143,"column":46}},"70":{"start":{"line":144,"column":10},"end":{"line":144,"column":25}},"71":{"start":{"line":148,"column":6},"end":{"line":148,"column":58}},"72":{"start":{"line":149,"column":6},"end":{"line":149,"column":31}},"73":{"start":{"line":150,"column":6},"end":{"line":150,"column":18}},"74":{"start":{"line":152,"column":4},"end":{"line":152,"column":17}},"75":{"start":{"line":5,"column":0},"end":{"line":5,"column":13}}},"fnMap":{"0":{"name":"(anonymous_7)","decl":{"start":{"line":11,"column":2},"end":{"line":11,"column":14}},"loc":{"start":{"line":11,"column":57},"end":{"line":17,"column":3}}},"1":{"name":"(anonymous_8)","decl":{"start":{"line":18,"column":2},"end":{"line":18,"column":7}},"loc":{"start":{"line":18,"column":53},"end":{"line":52,"column":3}}},"2":{"name":"(anonymous_9)","decl":{"start":{"line":53,"column":2},"end":{"line":53,"column":7}},"loc":{"start":{"line":53,"column":47},"end":{"line":80,"column":3}}},"3":{"name":"(anonymous_10)","decl":{"start":{"line":81,"column":2},"end":{"line":81,"column":7}},"loc":{"start":{"line":84,"column":33},"end":{"line":118,"column":3}}},"4":{"name":"(anonymous_11)","decl":{"start":{"line":101,"column":16},"end":{"line":101,"column":17}},"loc":{"start":{"line":101,"column":29},"end":{"line":103,"column":11}}},"5":{"name":"(anonymous_12)","decl":{"start":{"line":119,"column":2},"end":{"line":119,"column":7}},"loc":{"start":{"line":119,"column":47},"end":{"line":153,"column":3}}}},"branchMap":{"0":{"loc":{"start":{"line":30,"column":18},"end":{"line":30,"column":49}},"type":"cond-expr","locations":[{"start":{"line":30,"column":39},"end":{"line":30,"column":44}},{"start":{"line":30,"column":47},"end":{"line":30,"column":49}}]},"1":{"loc":{"start":{"line":32,"column":8},"end":{"line":36,"column":9}},"type":"if","locations":[{"start":{"line":32,"column":8},"end":{"line":36,"column":9}},{"start":{"line":34,"column":15},"end":{"line":36,"column":9}}]},"2":{"loc":{"start":{"line":38,"column":8},"end":{"line":44,"column":9}},"type":"if","locations":[{"start":{"line":38,"column":8},"end":{"line":44,"column":9}}]},"3":{"loc":{"start":{"line":64,"column":16},"end":{"line":64,"column":47}},"type":"cond-expr","locations":[{"start":{"line":64,"column":37},"end":{"line":64,"column":42}},{"start":{"line":64,"column":45},"end":{"line":64,"column":47}}]},"4":{"loc":{"start":{"line":67,"column":8},"end":{"line":73,"column":9}},"type":"if","locations":[{"start":{"line":67,"column":8},"end":{"line":73,"column":9}}]},"5":{"loc":{"start":{"line":84,"column":4},"end":{"line":84,"column":33}},"type":"default-arg","locations":[{"start":{"line":84,"column":15},"end":{"line":84,"column":33}}]},"6":{"loc":{"start":{"line":99,"column":20},"end":{"line":99,"column":51}},"type":"cond-expr","locations":[{"start":{"line":99,"column":41},"end":{"line":99,"column":46}},{"start":{"line":99,"column":49},"end":{"line":99,"column":51}}]},"7":{"loc":{"start":{"line":105,"column":8},"end":{"line":111,"column":9}},"type":"if","locations":[{"start":{"line":105,"column":8},"end":{"line":111,"column":9}}]},"8":{"loc":{"start":{"line":133,"column":8},"end":{"line":137,"column":9}},"type":"if","locations":[{"start":{"line":133,"column":8},"end":{"line":137,"column":9}},{"start":{"line":135,"column":15},"end":{"line":137,"column":9}}]},"9":{"loc":{"start":{"line":139,"column":8},"end":{"line":145,"column":9}},"type":"if","locations":[{"start":{"line":139,"column":8},"end":{"line":145,"column":9}}]}},"s":{"0":2,"1":2,"2":2,"3":2,"4":6,"5":6,"6":6,"7":6,"8":6,"9":6,"10":6,"11":6,"12":6,"13":6,"14":6,"15":6,"16":6,"17":6,"18":0,"19":0,"20":0,"21":0,"22":0,"23":0,"24":0,"25":0,"26":6,"27":0,"28":0,"29":0,"30":0,"31":0,"32":0,"33":0,"34":0,"35":0,"36":0,"37":0,"38":0,"39":0,"40":0,"41":0,"42":0,"43":0,"44":0,"45":0,"46":0,"47":0,"48":0,"49":0,"50":0,"51":0,"52":0,"53":0,"54":0,"55":0,"56":0,"57":0,"58":0,"59":0,"60":0,"61":0,"62":0,"63":0,"64":0,"65":0,"66":0,"67":0,"68":0,"69":0,"70":0,"71":0,"72":0,"73":0,"74":0,"75":2},"f":{"0":6,"1":6,"2":0,"3":0,"4":0,"5":0},"b":{"0":[0,6],"1":[6,0],"2":[0],"3":[0,0],"4":[0],"5":[0],"6":[0,0],"7":[0],"8":[0,0],"9":[0]}}
}
