{"/Users/gbrown/git-repos/doorway-testing/lib/doorway-interface.ts": {"path":"/Users/gbrown/git-repos/doorway-testing/lib/doorway-interface.ts","statementMap":{"0":{"start":{"line":1,"column":0},"end":{"line":1,"column":26}},"1":{"start":{"line":2,"column":0},"end":{"line":2,"column":25}},"2":{"start":{"line":3,"column":0},"end":{"line":3,"column":47}},"3":{"start":{"line":4,"column":0},"end":{"line":4,"column":44}},"4":{"start":{"line":12,"column":4},"end":{"line":12,"column":19}},"5":{"start":{"line":13,"column":4},"end":{"line":13,"column":21}},"6":{"start":{"line":14,"column":4},"end":{"line":14,"column":29}},"7":{"start":{"line":15,"column":4},"end":{"line":15,"column":27}},"8":{"start":{"line":16,"column":4},"end":{"line":16,"column":62}},"9":{"start":{"line":19,"column":4},"end":{"line":19,"column":45}},"10":{"start":{"line":21,"column":4},"end":{"line":50,"column":5}},"11":{"start":{"line":22,"column":21},"end":{"line":22,"column":52}},"12":{"start":{"line":23,"column":21},"end":{"line":23,"column":45}},"13":{"start":{"line":24,"column":6},"end":{"line":24,"column":44}},"14":{"start":{"line":25,"column":6},"end":{"line":45,"column":7}},"15":{"start":{"line":26,"column":25},"end":{"line":31,"column":10}},"16":{"start":{"line":32,"column":8},"end":{"line":36,"column":9}},"17":{"start":{"line":33,"column":10},"end":{"line":33,"column":37}},"18":{"start":{"line":35,"column":10},"end":{"line":35,"column":31}},"19":{"start":{"line":38,"column":8},"end":{"line":44,"column":9}},"20":{"start":{"line":39,"column":10},"end":{"line":41,"column":12}},"21":{"start":{"line":42,"column":10},"end":{"line":42,"column":46}},"22":{"start":{"line":43,"column":10},"end":{"line":43,"column":25}},"23":{"start":{"line":47,"column":6},"end":{"line":47,"column":58}},"24":{"start":{"line":48,"column":6},"end":{"line":48,"column":31}},"25":{"start":{"line":49,"column":6},"end":{"line":49,"column":18}},"26":{"start":{"line":51,"column":4},"end":{"line":51,"column":17}},"27":{"start":{"line":58,"column":4},"end":{"line":58,"column":45}},"28":{"start":{"line":59,"column":4},"end":{"line":89,"column":5}},"29":{"start":{"line":60,"column":21},"end":{"line":60,"column":52}},"30":{"start":{"line":61,"column":21},"end":{"line":61,"column":45}},"31":{"start":{"line":62,"column":6},"end":{"line":62,"column":44}},"32":{"start":{"line":63,"column":6},"end":{"line":84,"column":7}},"33":{"start":{"line":64,"column":23},"end":{"line":64,"column":53}},"34":{"start":{"line":65,"column":25},"end":{"line":75,"column":12}},"35":{"start":{"line":74,"column":12},"end":{"line":74,"column":39}},"36":{"start":{"line":77,"column":8},"end":{"line":83,"column":9}},"37":{"start":{"line":78,"column":10},"end":{"line":80,"column":12}},"38":{"start":{"line":81,"column":10},"end":{"line":81,"column":46}},"39":{"start":{"line":82,"column":10},"end":{"line":82,"column":25}},"40":{"start":{"line":86,"column":6},"end":{"line":86,"column":58}},"41":{"start":{"line":87,"column":6},"end":{"line":87,"column":31}},"42":{"start":{"line":88,"column":6},"end":{"line":88,"column":18}},"43":{"start":{"line":92,"column":4},"end":{"line":92,"column":45}},"44":{"start":{"line":94,"column":4},"end":{"line":123,"column":5}},"45":{"start":{"line":95,"column":21},"end":{"line":95,"column":52}},"46":{"start":{"line":96,"column":21},"end":{"line":96,"column":45}},"47":{"start":{"line":97,"column":6},"end":{"line":97,"column":44}},"48":{"start":{"line":98,"column":6},"end":{"line":118,"column":7}},"49":{"start":{"line":99,"column":25},"end":{"line":104,"column":10}},"50":{"start":{"line":105,"column":8},"end":{"line":109,"column":9}},"51":{"start":{"line":106,"column":10},"end":{"line":106,"column":37}},"52":{"start":{"line":108,"column":10},"end":{"line":108,"column":31}},"53":{"start":{"line":111,"column":8},"end":{"line":117,"column":9}},"54":{"start":{"line":112,"column":10},"end":{"line":114,"column":12}},"55":{"start":{"line":115,"column":10},"end":{"line":115,"column":46}},"56":{"start":{"line":116,"column":10},"end":{"line":116,"column":25}},"57":{"start":{"line":120,"column":6},"end":{"line":120,"column":58}},"58":{"start":{"line":121,"column":6},"end":{"line":121,"column":31}},"59":{"start":{"line":122,"column":6},"end":{"line":122,"column":18}},"60":{"start":{"line":124,"column":4},"end":{"line":124,"column":17}},"61":{"start":{"line":5,"column":0},"end":{"line":5,"column":13}}},"fnMap":{"0":{"name":"(anonymous_7)","decl":{"start":{"line":11,"column":2},"end":{"line":11,"column":14}},"loc":{"start":{"line":11,"column":57},"end":{"line":17,"column":3}}},"1":{"name":"(anonymous_8)","decl":{"start":{"line":18,"column":2},"end":{"line":18,"column":7}},"loc":{"start":{"line":18,"column":53},"end":{"line":52,"column":3}}},"2":{"name":"(anonymous_9)","decl":{"start":{"line":53,"column":2},"end":{"line":53,"column":7}},"loc":{"start":{"line":56,"column":33},"end":{"line":90,"column":3}}},"3":{"name":"(anonymous_10)","decl":{"start":{"line":73,"column":16},"end":{"line":73,"column":17}},"loc":{"start":{"line":73,"column":29},"end":{"line":75,"column":11}}},"4":{"name":"(anonymous_11)","decl":{"start":{"line":91,"column":2},"end":{"line":91,"column":7}},"loc":{"start":{"line":91,"column":47},"end":{"line":125,"column":3}}}},"branchMap":{"0":{"loc":{"start":{"line":30,"column":18},"end":{"line":30,"column":49}},"type":"cond-expr","locations":[{"start":{"line":30,"column":39},"end":{"line":30,"column":44}},{"start":{"line":30,"column":47},"end":{"line":30,"column":49}}]},"1":{"loc":{"start":{"line":32,"column":8},"end":{"line":36,"column":9}},"type":"if","locations":[{"start":{"line":32,"column":8},"end":{"line":36,"column":9}},{"start":{"line":34,"column":15},"end":{"line":36,"column":9}}]},"2":{"loc":{"start":{"line":38,"column":8},"end":{"line":44,"column":9}},"type":"if","locations":[{"start":{"line":38,"column":8},"end":{"line":44,"column":9}}]},"3":{"loc":{"start":{"line":56,"column":4},"end":{"line":56,"column":33}},"type":"default-arg","locations":[{"start":{"line":56,"column":15},"end":{"line":56,"column":33}}]},"4":{"loc":{"start":{"line":71,"column":20},"end":{"line":71,"column":51}},"type":"cond-expr","locations":[{"start":{"line":71,"column":41},"end":{"line":71,"column":46}},{"start":{"line":71,"column":49},"end":{"line":71,"column":51}}]},"5":{"loc":{"start":{"line":77,"column":8},"end":{"line":83,"column":9}},"type":"if","locations":[{"start":{"line":77,"column":8},"end":{"line":83,"column":9}}]},"6":{"loc":{"start":{"line":105,"column":8},"end":{"line":109,"column":9}},"type":"if","locations":[{"start":{"line":105,"column":8},"end":{"line":109,"column":9}},{"start":{"line":107,"column":15},"end":{"line":109,"column":9}}]},"7":{"loc":{"start":{"line":111,"column":8},"end":{"line":117,"column":9}},"type":"if","locations":[{"start":{"line":111,"column":8},"end":{"line":117,"column":9}}]}},"s":{"0":1,"1":1,"2":1,"3":1,"4":1,"5":1,"6":1,"7":1,"8":1,"9":1,"10":1,"11":1,"12":1,"13":1,"14":1,"15":1,"16":1,"17":1,"18":0,"19":0,"20":0,"21":0,"22":0,"23":0,"24":0,"25":0,"26":1,"27":0,"28":0,"29":0,"30":0,"31":0,"32":0,"33":0,"34":0,"35":0,"36":0,"37":0,"38":0,"39":0,"40":0,"41":0,"42":0,"43":0,"44":0,"45":0,"46":0,"47":0,"48":0,"49":0,"50":0,"51":0,"52":0,"53":0,"54":0,"55":0,"56":0,"57":0,"58":0,"59":0,"60":0,"61":1},"f":{"0":1,"1":1,"2":0,"3":0,"4":0},"b":{"0":[0,1],"1":[1,0],"2":[0],"3":[0],"4":[0,0],"5":[0],"6":[0,0],"7":[0]}}
,"/Users/gbrown/git-repos/doorway-testing/lib/doorway-login.ts": {"path":"/Users/gbrown/git-repos/doorway-testing/lib/doorway-login.ts","statementMap":{"0":{"start":{"line":1,"column":0},"end":{"line":1,"column":26}},"1":{"start":{"line":2,"column":0},"end":{"line":2,"column":54}},"2":{"start":{"line":9,"column":4},"end":{"line":9,"column":21}},"3":{"start":{"line":10,"column":4},"end":{"line":10,"column":29}},"4":{"start":{"line":11,"column":4},"end":{"line":11,"column":19}},"5":{"start":{"line":14,"column":21},"end":{"line":14,"column":45}},"6":{"start":{"line":15,"column":4},"end":{"line":15,"column":44}},"7":{"start":{"line":16,"column":4},"end":{"line":46,"column":5}},"8":{"start":{"line":17,"column":20},"end":{"line":20,"column":8}},"9":{"start":{"line":21,"column":6},"end":{"line":21,"column":26}},"10":{"start":{"line":23,"column":30},"end":{"line":23,"column":58}},"11":{"start":{"line":25,"column":6},"end":{"line":25,"column":53}},"12":{"start":{"line":26,"column":6},"end":{"line":26,"column":33}},"13":{"start":{"line":28,"column":26},"end":{"line":29,"column":null}},"14":{"start":{"line":29,"column":8},"end":{"line":29,"column":40}},"15":{"start":{"line":31,"column":6},"end":{"line":31,"column":51}},"16":{"start":{"line":32,"column":27},"end":{"line":33,"column":null}},"17":{"start":{"line":33,"column":8},"end":{"line":33,"column":41}},"18":{"start":{"line":35,"column":6},"end":{"line":35,"column":52}},"19":{"start":{"line":37,"column":6},"end":{"line":37,"column":72}},"20":{"start":{"line":39,"column":6},"end":{"line":39,"column":40}},"21":{"start":{"line":40,"column":6},"end":{"line":44,"column":7}},"22":{"start":{"line":41,"column":8},"end":{"line":41,"column":76}},"23":{"start":{"line":43,"column":8},"end":{"line":43,"column":62}},"24":{"start":{"line":45,"column":6},"end":{"line":45,"column":18}},"25":{"start":{"line":4,"column":0},"end":{"line":4,"column":13}}},"fnMap":{"0":{"name":"(anonymous_1)","decl":{"start":{"line":8,"column":2},"end":{"line":8,"column":14}},"loc":{"start":{"line":8,"column":57},"end":{"line":12,"column":3}}},"1":{"name":"(anonymous_2)","decl":{"start":{"line":13,"column":2},"end":{"line":13,"column":7}},"loc":{"start":{"line":13,"column":13},"end":{"line":47,"column":3}}},"2":{"name":"(anonymous_3)","decl":{"start":{"line":28,"column":40},"end":{"line":28,"column":41}},"loc":{"start":{"line":29,"column":8},"end":{"line":29,"column":40}}},"3":{"name":"(anonymous_4)","decl":{"start":{"line":32,"column":41},"end":{"line":32,"column":42}},"loc":{"start":{"line":33,"column":8},"end":{"line":33,"column":41}}}},"branchMap":{"0":{"loc":{"start":{"line":40,"column":6},"end":{"line":44,"column":7}},"type":"if","locations":[{"start":{"line":40,"column":6},"end":{"line":44,"column":7}},{"start":{"line":42,"column":13},"end":{"line":44,"column":7}}]}},"s":{"0":1,"1":1,"2":1,"3":1,"4":1,"5":1,"6":1,"7":1,"8":1,"9":1,"10":1,"11":1,"12":1,"13":1,"14":1,"15":1,"16":1,"17":2,"18":1,"19":1,"20":0,"21":0,"22":0,"23":0,"24":0,"25":1},"f":{"0":1,"1":1,"2":1,"3":2},"b":{"0":[0,0]}}
,"/Users/gbrown/git-repos/doorway-testing/lib/mockDoorway.ts": {"path":"/Users/gbrown/git-repos/doorway-testing/lib/mockDoorway.ts","statementMap":{"0":{"start":{"line":1,"column":0},"end":{"line":1,"column":24}},"1":{"start":{"line":2,"column":0},"end":{"line":2,"column":61}},"2":{"start":{"line":3,"column":0},"end":{"line":3,"column":53}},"3":{"start":{"line":4,"column":0},"end":{"line":4,"column":78}},"4":{"start":{"line":6,"column":0},"end":{"line":6,"column":47}},"5":{"start":{"line":7,"column":28},"end":{"line":29,"column":1}},"6":{"start":{"line":8,"column":24},"end":{"line":8,"column":47}},"7":{"start":{"line":9,"column":2},"end":{"line":19,"column":7}},"8":{"start":{"line":20,"column":2},"end":{"line":25,"column":33}},"9":{"start":{"line":26,"column":2},"end":{"line":26,"column":58}},"10":{"start":{"line":27,"column":2},"end":{"line":27,"column":68}},"11":{"start":{"line":28,"column":2},"end":{"line":28,"column":26}},"12":{"start":{"line":7,"column":13},"end":{"line":7,"column":28}}},"fnMap":{"0":{"name":"(anonymous_1)","decl":{"start":{"line":7,"column":28},"end":{"line":7,"column":31}},"loc":{"start":{"line":7,"column":33},"end":{"line":29,"column":1}}}},"branchMap":{},"s":{"0":1,"1":1,"2":1,"3":1,"4":1,"5":1,"6":1,"7":1,"8":1,"9":1,"10":1,"11":1,"12":1},"f":{"0":1},"b":{}}
,"/Users/gbrown/git-repos/doorway-testing/lib/winston.logger.ts": {"path":"/Users/gbrown/git-repos/doorway-testing/lib/winston.logger.ts","statementMap":{"0":{"start":{"line":1,"column":0},"end":{"line":1,"column":32}},"1":{"start":{"line":2,"column":0},"end":{"line":2,"column":59}},"2":{"start":{"line":3,"column":13},"end":{"line":5,"column":2}},"3":{"start":{"line":8,"column":21},"end":{"line":10,"column":2}},"4":{"start":{"line":9,"column":2},"end":{"line":9,"column":68}},"5":{"start":{"line":11,"column":16},"end":{"line":11,"column":22}},"6":{"start":{"line":12,"column":0},"end":{"line":14,"column":1}},"7":{"start":{"line":13,"column":2},"end":{"line":13,"column":36}},"8":{"start":{"line":15,"column":16},"end":{"line":19,"column":2}},"9":{"start":{"line":21,"column":23},"end":{"line":28,"column":2}},"10":{"start":{"line":30,"column":22},"end":{"line":37,"column":2}},"11":{"start":{"line":41,"column":2},"end":{"line":41,"column":79}},"12":{"start":{"line":42,"column":13},"end":{"line":44,"column":33}}},"fnMap":{"0":{"name":"(anonymous_1)","decl":{"start":{"line":8,"column":35},"end":{"line":8,"column":36}},"loc":{"start":{"line":8,"column":76},"end":{"line":10,"column":1}}}},"branchMap":{"0":{"loc":{"start":{"line":9,"column":49},"end":{"line":9,"column":65}},"type":"binary-expr","locations":[{"start":{"line":9,"column":49},"end":{"line":9,"column":54}},{"start":{"line":9,"column":58},"end":{"line":9,"column":65}}]},"1":{"loc":{"start":{"line":12,"column":0},"end":{"line":14,"column":1}},"type":"if","locations":[{"start":{"line":12,"column":0},"end":{"line":14,"column":1}}]},"2":{"loc":{"start":{"line":41,"column":2},"end":{"line":41,"column":79}},"type":"cond-expr","locations":[{"start":{"line":41,"column":40},"end":{"line":41,"column":71}},{"start":{"line":41,"column":74},"end":{"line":41,"column":79}}]},"3":{"loc":{"start":{"line":42,"column":24},"end":{"line":44,"column":32}},"type":"cond-expr","locations":[{"start":{"line":43,"column":4},"end":{"line":43,"column":31}},{"start":{"line":44,"column":4},"end":{"line":44,"column":32}}]}},"s":{"0":1,"1":1,"2":1,"3":1,"4":0,"5":1,"6":1,"7":0,"8":1,"9":1,"10":1,"11":1,"12":1},"f":{"0":0},"b":{"0":[0,0],"1":[0],"2":[1,0],"3":[0,1]}}
}
