TN:
SF:lib/doorway-interface.ts
FN:11,(anonymous_7)
FN:18,(anonymous_8)
FN:53,(anonymous_9)
FN:81,(anonymous_10)
FN:101,(anonymous_11)
FN:119,(anonymous_12)
FNF:6
FNH:2
FNDA:6,(anonymous_7)
FNDA:6,(anonymous_8)
FNDA:0,(anonymous_9)
FNDA:0,(anonymous_10)
FNDA:0,(anonymous_11)
FNDA:0,(anonymous_12)
DA:1,2
DA:2,2
DA:3,2
DA:4,2
DA:5,2
DA:12,6
DA:13,6
DA:14,6
DA:15,6
DA:16,6
DA:19,6
DA:21,6
DA:22,6
DA:23,6
DA:24,6
DA:25,6
DA:26,6
DA:32,6
DA:33,6
DA:35,0
DA:38,0
DA:39,0
DA:42,0
DA:43,0
DA:47,0
DA:48,0
DA:49,0
DA:51,6
DA:54,0
DA:55,0
DA:56,0
DA:57,0
DA:58,0
DA:59,0
DA:60,0
DA:67,0
DA:68,0
DA:71,0
DA:72,0
DA:76,0
DA:77,0
DA:78,0
DA:86,0
DA:87,0
DA:88,0
DA:89,0
DA:90,0
DA:91,0
DA:92,0
DA:93,0
DA:102,0
DA:105,0
DA:106,0
DA:109,0
DA:110,0
DA:114,0
DA:115,0
DA:116,0
DA:120,0
DA:122,0
DA:123,0
DA:124,0
DA:125,0
DA:126,0
DA:127,0
DA:133,0
DA:134,0
DA:136,0
DA:139,0
DA:140,0
DA:143,0
DA:144,0
DA:148,0
DA:149,0
DA:150,0
DA:152,0
LF:76
LH:20
BRDA:30,0,0,0
BRDA:30,0,1,6
BRDA:32,1,0,6
BRDA:32,1,1,0
BRDA:38,2,0,0
BRDA:64,3,0,0
BRDA:64,3,1,0
BRDA:67,4,0,0
BRDA:84,5,0,0
BRDA:99,6,0,0
BRDA:99,6,1,0
BRDA:105,7,0,0
BRDA:133,8,0,0
BRDA:133,8,1,0
BRDA:139,9,0,0
BRF:15
BRH:2
end_of_record
